<?xml version="1.0" encoding="UTF-8"?>
<!-- Generated by org.testng.reporters.JUnitReportReporter -->
<testsuite hostname="BHUKRK151728L" failures="0" tests="1" name="RestAssuredAutomation.DummyRESTAPI" time="8.506" errors="0" timestamp="2020-11-07T21:14:14 IST" skipped="0">
  <testcase classname="RestAssuredAutomation.DummyRESTAPI" name="test_getAllReq" time="8.506"/>
  <system-out/>
</testsuite> <!-- RestAssuredAutomation.DummyRESTAPI -->
